<?xml version="1.0" encoding="UTF-8"?>
<!-- Generated by org.testng.reporters.JUnitReportReporter -->
<testsuite skipped="0" hostname="DESKTOP-TKOF22I" name="com.org.apiTest.POST_API_Test" tests="3" failures="0" timestamp="2020-11-30T00:44:59 IST" time="3.408" errors="0">
  <testcase name="postApiTest" time="1.501" classname="com.org.apiTest.POST_API_Test"/>
  <system-out/>
  <testcase name="restAssuredPostApiTest" time="1.711" classname="com.org.apiTest.POST_API_Test"/>
  <system-out/>
  <testcase name="getHttpRequest" time="0.196" classname="com.org.apiTest.POST_API_Test"/>
  <system-out/>
</testsuite> <!-- com.org.apiTest.POST_API_Test -->
