<?xml version="1.0" encoding="UTF-8"?>
<!-- Generated by org.testng.reporters.JUnitReportReporter -->
<testsuite hostname="DESKTOP-TKOF22I" failures="0" tests="3" name="com.org.apiTest.POST_API_Test" time="3.317" errors="0" timestamp="2020-11-26T17:23:12 IST" skipped="0">
  <testcase classname="com.org.apiTest.POST_API_Test" name="postApiTest" time="1.303"/>
  <system-out/>
  <testcase classname="com.org.apiTest.POST_API_Test" name="restAssuredPostApiTest" time="1.814"/>
  <system-out/>
  <testcase classname="com.org.apiTest.POST_API_Test" name="getHttpRequest" time="0.200"/>
  <system-out/>
</testsuite> <!-- com.org.apiTest.POST_API_Test -->
